2015-12-15 05:52:17 Error: [PDOException] SQLSTATE[HY000] [1045] Access denied for user 'my_app'@'localhost' (using password: YES)
Stack Trace:
#0 C:\xampp1\htdocs\blog\vendor\cakephp\cakephp\src\Database\Driver\PDODriverTrait.php(48): PDO->__construct('mysql:host=loca...', 'my_app', 'secret', Array)
#1 C:\xampp1\htdocs\blog\vendor\cakephp\cakephp\src\Database\Driver\Mysql.php(90): Cake\Database\Driver\Mysql->_connect('mysql:host=loca...', Array)
#2 C:\xampp1\htdocs\blog\vendor\cakephp\cakephp\src\Database\Schema\BaseSchema.php(45): Cake\Database\Driver\Mysql->connect()
#3 C:\xampp1\htdocs\blog\vendor\cakephp\cakephp\src\Database\Dialect\MysqlDialectTrait.php(63): Cake\Database\Schema\BaseSchema->__construct(Object(Cake\Database\Driver\Mysql))
#4 C:\xampp1\htdocs\blog\vendor\cakephp\cakephp\src\Database\Schema\Collection.php(52): Cake\Database\Driver\Mysql->schemaDialect()
#5 C:\xampp1\htdocs\blog\vendor\cakephp\cakephp\src\Database\Schema\CachedCollection.php(43): Cake\Database\Schema\Collection->__construct(Object(Cake\Database\Connection))
#6 C:\xampp1\htdocs\blog\vendor\cakephp\cakephp\src\Database\Connection.php(315): Cake\Database\Schema\CachedCollection->__construct(Object(Cake\Database\Connection), true)
#7 C:\xampp1\htdocs\blog\vendor\cakephp\bake\src\Shell\Task\ModelTask.php(883): Cake\Database\Connection->schemaCollection()
#8 C:\xampp1\htdocs\blog\vendor\cakephp\bake\src\Shell\Task\ModelTask.php(848): Bake\Shell\Task\ModelTask->_getAllTables()
#9 C:\xampp1\htdocs\blog\vendor\cakephp\bake\src\Shell\Task\ModelTask.php(186): Bake\Shell\Task\ModelTask->listAll()
#10 C:\xampp1\htdocs\blog\vendor\cakephp\bake\src\Shell\Task\ModelTask.php(110): Bake\Shell\Task\ModelTask->getAssociations(Object(Cake\ORM\Table))
#11 C:\xampp1\htdocs\blog\vendor\cakephp\bake\src\Shell\Task\ModelTask.php(96): Bake\Shell\Task\ModelTask->bake('Users')
#12 C:\xampp1\htdocs\blog\vendor\cakephp\bake\src\Shell\BakeShell.php(250): Bake\Shell\Task\ModelTask->main('Users')
#13 C:\xampp1\htdocs\blog\vendor\cakephp\cakephp\src\Collection\CollectionTrait.php(51): Bake\Shell\BakeShell->Bake\Shell\{closure}('users', 0)
#14 C:\xampp1\htdocs\blog\vendor\cakephp\bake\src\Shell\BakeShell.php(253): Cake\Collection\Collection->each(Object(Closure))
#15 [internal function]: Bake\Shell\BakeShell->all('users')
#16 C:\xampp1\htdocs\blog\vendor\cakephp\cakephp\src\Console\Shell.php(436): call_user_func_array(Array, Array)
#17 C:\xampp1\htdocs\blog\vendor\cakephp\cakephp\src\Console\ShellDispatcher.php(212): Cake\Console\Shell->runCommand(Array, true, Array)
#18 C:\xampp1\htdocs\blog\vendor\cakephp\cakephp\src\Console\ShellDispatcher.php(179): Cake\Console\ShellDispatcher->_dispatch(Array)
#19 C:\xampp1\htdocs\blog\vendor\cakephp\cakephp\src\Console\ShellDispatcher.php(126): Cake\Console\ShellDispatcher->dispatch(Array)
#20 C:\xampp1\htdocs\blog\bin\cake.php(33): Cake\Console\ShellDispatcher::run(Array)
#21 {main}


2015-12-15 05:53:11 Error: [PDOException] SQLSTATE[HY000] [1045] Access denied for user 'my_app'@'localhost' (using password: YES)
Stack Trace:
#0 C:\xampp1\htdocs\blog\vendor\cakephp\cakephp\src\Database\Driver\PDODriverTrait.php(48): PDO->__construct('mysql:host=loca...', 'my_app', 'secret', Array)
#1 C:\xampp1\htdocs\blog\vendor\cakephp\cakephp\src\Database\Driver\Mysql.php(90): Cake\Database\Driver\Mysql->_connect('mysql:host=loca...', Array)
#2 C:\xampp1\htdocs\blog\vendor\cakephp\cakephp\src\Database\Schema\BaseSchema.php(45): Cake\Database\Driver\Mysql->connect()
#3 C:\xampp1\htdocs\blog\vendor\cakephp\cakephp\src\Database\Dialect\MysqlDialectTrait.php(63): Cake\Database\Schema\BaseSchema->__construct(Object(Cake\Database\Driver\Mysql))
#4 C:\xampp1\htdocs\blog\vendor\cakephp\cakephp\src\Database\Schema\Collection.php(52): Cake\Database\Driver\Mysql->schemaDialect()
#5 C:\xampp1\htdocs\blog\vendor\cakephp\cakephp\src\Database\Schema\CachedCollection.php(43): Cake\Database\Schema\Collection->__construct(Object(Cake\Database\Connection))
#6 C:\xampp1\htdocs\blog\vendor\cakephp\cakephp\src\Database\Connection.php(315): Cake\Database\Schema\CachedCollection->__construct(Object(Cake\Database\Connection), true)
#7 C:\xampp1\htdocs\blog\vendor\cakephp\bake\src\Shell\Task\ModelTask.php(883): Cake\Database\Connection->schemaCollection()
#8 C:\xampp1\htdocs\blog\vendor\cakephp\bake\src\Shell\Task\ModelTask.php(848): Bake\Shell\Task\ModelTask->_getAllTables()
#9 C:\xampp1\htdocs\blog\vendor\cakephp\bake\src\Shell\Task\ModelTask.php(186): Bake\Shell\Task\ModelTask->listAll()
#10 C:\xampp1\htdocs\blog\vendor\cakephp\bake\src\Shell\Task\ModelTask.php(110): Bake\Shell\Task\ModelTask->getAssociations(Object(Cake\ORM\Table))
#11 C:\xampp1\htdocs\blog\vendor\cakephp\bake\src\Shell\Task\ModelTask.php(96): Bake\Shell\Task\ModelTask->bake('Articles')
#12 C:\xampp1\htdocs\blog\vendor\cakephp\bake\src\Shell\BakeShell.php(250): Bake\Shell\Task\ModelTask->main('Articles')
#13 C:\xampp1\htdocs\blog\vendor\cakephp\cakephp\src\Collection\CollectionTrait.php(51): Bake\Shell\BakeShell->Bake\Shell\{closure}('articles', 0)
#14 C:\xampp1\htdocs\blog\vendor\cakephp\bake\src\Shell\BakeShell.php(253): Cake\Collection\Collection->each(Object(Closure))
#15 [internal function]: Bake\Shell\BakeShell->all('articles')
#16 C:\xampp1\htdocs\blog\vendor\cakephp\cakephp\src\Console\Shell.php(436): call_user_func_array(Array, Array)
#17 C:\xampp1\htdocs\blog\vendor\cakephp\cakephp\src\Console\ShellDispatcher.php(212): Cake\Console\Shell->runCommand(Array, true, Array)
#18 C:\xampp1\htdocs\blog\vendor\cakephp\cakephp\src\Console\ShellDispatcher.php(179): Cake\Console\ShellDispatcher->_dispatch(Array)
#19 C:\xampp1\htdocs\blog\vendor\cakephp\cakephp\src\Console\ShellDispatcher.php(126): Cake\Console\ShellDispatcher->dispatch(Array)
#20 C:\xampp1\htdocs\blog\bin\cake.php(33): Cake\Console\ShellDispatcher::run(Array)
#21 {main}


2015-12-15 05:53:16 Error: [PDOException] SQLSTATE[HY000] [1045] Access denied for user 'my_app'@'localhost' (using password: YES)
Stack Trace:
#0 C:\xampp1\htdocs\blog\vendor\cakephp\cakephp\src\Database\Driver\PDODriverTrait.php(48): PDO->__construct('mysql:host=loca...', 'my_app', 'secret', Array)
#1 C:\xampp1\htdocs\blog\vendor\cakephp\cakephp\src\Database\Driver\Mysql.php(90): Cake\Database\Driver\Mysql->_connect('mysql:host=loca...', Array)
#2 C:\xampp1\htdocs\blog\vendor\cakephp\cakephp\src\Database\Schema\BaseSchema.php(45): Cake\Database\Driver\Mysql->connect()
#3 C:\xampp1\htdocs\blog\vendor\cakephp\cakephp\src\Database\Dialect\MysqlDialectTrait.php(63): Cake\Database\Schema\BaseSchema->__construct(Object(Cake\Database\Driver\Mysql))
#4 C:\xampp1\htdocs\blog\vendor\cakephp\cakephp\src\Database\Schema\Collection.php(52): Cake\Database\Driver\Mysql->schemaDialect()
#5 C:\xampp1\htdocs\blog\vendor\cakephp\cakephp\src\Database\Schema\CachedCollection.php(43): Cake\Database\Schema\Collection->__construct(Object(Cake\Database\Connection))
#6 C:\xampp1\htdocs\blog\vendor\cakephp\cakephp\src\Database\Connection.php(315): Cake\Database\Schema\CachedCollection->__construct(Object(Cake\Database\Connection), true)
#7 C:\xampp1\htdocs\blog\vendor\cakephp\bake\src\Shell\Task\ModelTask.php(883): Cake\Database\Connection->schemaCollection()
#8 C:\xampp1\htdocs\blog\vendor\cakephp\bake\src\Shell\Task\ModelTask.php(848): Bake\Shell\Task\ModelTask->_getAllTables()
#9 C:\xampp1\htdocs\blog\vendor\cakephp\bake\src\Shell\Task\ModelTask.php(186): Bake\Shell\Task\ModelTask->listAll()
#10 C:\xampp1\htdocs\blog\vendor\cakephp\bake\src\Shell\Task\ModelTask.php(110): Bake\Shell\Task\ModelTask->getAssociations(Object(Cake\ORM\Table))
#11 C:\xampp1\htdocs\blog\vendor\cakephp\bake\src\Shell\Task\ModelTask.php(96): Bake\Shell\Task\ModelTask->bake('Tags')
#12 C:\xampp1\htdocs\blog\vendor\cakephp\bake\src\Shell\BakeShell.php(250): Bake\Shell\Task\ModelTask->main('Tags')
#13 C:\xampp1\htdocs\blog\vendor\cakephp\cakephp\src\Collection\CollectionTrait.php(51): Bake\Shell\BakeShell->Bake\Shell\{closure}('tags', 0)
#14 C:\xampp1\htdocs\blog\vendor\cakephp\bake\src\Shell\BakeShell.php(253): Cake\Collection\Collection->each(Object(Closure))
#15 [internal function]: Bake\Shell\BakeShell->all('tags')
#16 C:\xampp1\htdocs\blog\vendor\cakephp\cakephp\src\Console\Shell.php(436): call_user_func_array(Array, Array)
#17 C:\xampp1\htdocs\blog\vendor\cakephp\cakephp\src\Console\ShellDispatcher.php(212): Cake\Console\Shell->runCommand(Array, true, Array)
#18 C:\xampp1\htdocs\blog\vendor\cakephp\cakephp\src\Console\ShellDispatcher.php(179): Cake\Console\ShellDispatcher->_dispatch(Array)
#19 C:\xampp1\htdocs\blog\vendor\cakephp\cakephp\src\Console\ShellDispatcher.php(126): Cake\Console\ShellDispatcher->dispatch(Array)
#20 C:\xampp1\htdocs\blog\bin\cake.php(33): Cake\Console\ShellDispatcher::run(Array)
#21 {main}


